2025-09-19 08:49:25 - sensor_reader - INFO - Initializing sensor reader...
2025-09-19 08:49:25 - sensor_reader - INFO - Initializing VL53L5CX sensor...
2025-09-19 08:52:25 - sensor_reader - INFO - Initializing sensor reader...
2025-09-19 08:52:25 - sensor_reader - INFO - Initializing VL53L5CX sensor...
2025-09-19 08:52:35 - sensor_reader - INFO - Setting LiDAR to 8x8 mode (64 points)
2025-09-19 08:52:35 - sensor_reader - INFO - Starting continuous ranging...
2025-09-19 08:52:35 - sensor_reader - INFO - LiDAR initialized: 64 points at 15 Hz
2025-09-19 08:52:35 - sensor_reader - INFO - Sensor reader initialized (LiDAR: OK)
2025-09-19 08:52:35 - sensor_reader - INFO - Starting sensor reader main loop
2025-09-19 09:00:24 - sensor_reader - ERROR - Camera capture failed: Command '['libcamera-still', '-t', '1000', '--width', '1920', '--height', '1080', '-o', '-']' died with <Signals.SIGINT: 2>.
2025-09-19 09:00:37 - sensor_reader - INFO - Initializing sensor reader...
2025-09-19 09:00:37 - sensor_reader - INFO - Initializing VL53L5CX sensor...
2025-09-19 09:00:48 - sensor_reader - INFO - Setting LiDAR to 8x8 mode (64 points)
2025-09-19 09:00:48 - sensor_reader - INFO - Starting continuous ranging...
2025-09-19 09:00:49 - sensor_reader - INFO - LiDAR initialized: 64 points at 15 Hz
2025-09-19 09:00:49 - sensor_reader - INFO - Sensor reader initialized (LiDAR: OK)
2025-09-19 09:00:49 - sensor_reader - INFO - Starting sensor reader main loop
2025-09-19 09:00:59 - sensor_reader - ERROR - Camera capture failed: Command '['libcamera-still', '-t', '1000', '--width', '1920', '--height', '1080', '-o', '-']' died with <Signals.SIGINT: 2>.
2025-09-19 09:02:01 - sensor_reader - INFO - Initializing sensor reader...
2025-09-19 09:02:01 - sensor_reader - INFO - Initializing VL53L5CX sensor...
2025-09-19 09:02:12 - sensor_reader - INFO - Setting LiDAR to 8x8 mode (64 points)
2025-09-19 09:02:12 - sensor_reader - INFO - Starting continuous ranging...
2025-09-19 09:02:13 - sensor_reader - INFO - LiDAR initialized: 64 points at 15 Hz
2025-09-19 09:02:13 - sensor_reader - INFO - Sensor reader initialized (LiDAR: OK)
2025-09-19 09:02:13 - sensor_reader - INFO - Starting sensor reader main loop
2025-09-19 09:03:59 - sensor_reader - ERROR - Camera capture failed: Command '['libcamera-still', '-t', '1000', '--width', '1920', '--height', '1080', '-o', '-']' died with <Signals.SIGINT: 2>.
2025-09-19 09:04:03 - sensor_reader - INFO - Initializing sensor reader...
2025-09-19 09:04:03 - sensor_reader - INFO - Initializing VL53L5CX sensor...
2025-09-19 09:04:14 - sensor_reader - INFO - Setting LiDAR to 8x8 mode (64 points)
2025-09-19 09:04:14 - sensor_reader - INFO - Starting continuous ranging...
2025-09-19 09:04:15 - sensor_reader - INFO - LiDAR initialized: 64 points at 15 Hz
2025-09-19 09:04:15 - sensor_reader - INFO - Sensor reader initialized (LiDAR: OK)
2025-09-19 09:04:15 - sensor_reader - INFO - Starting sensor reader main loop
2025-09-19 09:07:37 - sensor_reader - ERROR - Camera capture failed: Command '['libcamera-still', '-t', '1000', '--width', '1920', '--height', '1080', '-o', '-']' died with <Signals.SIGINT: 2>.
