2025-09-19 08:48:37 - sensor_service_main - INFO - Starting Kent Core Sensor Service
2025-09-19 08:48:37 - sensor_service_main - INFO - Starting Reader process...
2025-09-19 08:48:39 - sensor_service_main - INFO - Starting Listener process...
2025-09-19 08:48:39 - sensor_service_main - INFO - Waiting for Reader to initialize and produce data...
2025-09-19 08:48:40 - sensor_service_main - INFO - Received signal 2, initiating graceful shutdown...
2025-09-19 08:48:40 - sensor_service_main - INFO - Received signal 2, initiating graceful shutdown...
2025-09-19 08:48:42 - sensor_service_main - INFO - Received signal 2, initiating graceful shutdown...
2025-09-19 08:48:42 - sensor_service_main - INFO - Received signal 2, initiating graceful shutdown...
2025-09-19 08:48:42 - sensor_service_main - INFO - Received signal 2, initiating graceful shutdown...
2025-09-19 08:48:42 - sensor_service_main - INFO - Received signal 2, initiating graceful shutdown...
2025-09-19 08:48:43 - sensor_service_main - INFO - Received signal 2, initiating graceful shutdown...
2025-09-19 08:48:43 - sensor_service_main - INFO - Received signal 2, initiating graceful shutdown...
2025-09-19 08:48:43 - sensor_service_main - INFO - Received signal 2, initiating graceful shutdown...
2025-09-19 08:48:43 - sensor_service_main - INFO - Received signal 2, initiating graceful shutdown...
2025-09-19 08:48:43 - sensor_service_main - INFO - Received signal 2, initiating graceful shutdown...
2025-09-19 08:48:43 - sensor_service_main - INFO - Received signal 2, initiating graceful shutdown...
2025-09-19 08:48:44 - sensor_service_main - INFO - Received signal 2, initiating graceful shutdown...
2025-09-19 08:48:44 - sensor_service_main - INFO - Received signal 2, initiating graceful shutdown...
2025-09-19 08:48:44 - sensor_service_main - INFO - Received signal 2, initiating graceful shutdown...
2025-09-19 08:48:44 - sensor_service_main - INFO - Received signal 2, initiating graceful shutdown...
2025-09-19 08:49:25 - sensor_service_main - INFO - Starting Kent Core Sensor Service
2025-09-19 08:49:25 - sensor_service_main - INFO - Starting Reader process...
2025-09-19 08:49:27 - sensor_service_main - INFO - Starting Listener process...
2025-09-19 08:49:27 - sensor_service_main - INFO - Waiting for Reader to initialize and produce data...
2025-09-19 08:52:25 - sensor_service_main - INFO - Starting Kent Core Sensor Service
2025-09-19 08:52:25 - sensor_service_main - INFO - Starting Reader process...
2025-09-19 08:52:27 - sensor_service_main - INFO - Starting Listener process...
2025-09-19 08:52:27 - sensor_service_main - INFO - Waiting for Reader to initialize and produce data...
2025-09-19 08:52:37 - sensor_service_main - INFO - Reader is producing data
2025-09-19 08:52:37 - sensor_service_main - INFO - Listener is accepting connections on port 5555
2025-09-19 08:52:37 - sensor_service_main - INFO - All services started successfully
2025-09-19 09:00:24 - sensor_service_main - INFO - Received signal 2, initiating graceful shutdown...
2025-09-19 09:00:24 - sensor_service_main - INFO - Received signal 2, initiating graceful shutdown...
2025-09-19 09:00:24 - sensor_service_main - INFO - Received signal 2, initiating graceful shutdown...
2025-09-19 09:00:30 - sensor_service_main - INFO - Received signal 2, initiating graceful shutdown...
2025-09-19 09:00:30 - sensor_service_main - INFO - Received signal 2, initiating graceful shutdown...
2025-09-19 09:00:30 - sensor_service_main - INFO - Received signal 2, initiating graceful shutdown...
2025-09-19 09:00:37 - sensor_service_main - INFO - Starting Kent Core Sensor Service
2025-09-19 09:00:37 - sensor_service_main - INFO - Starting Reader process...
2025-09-19 09:00:39 - sensor_service_main - INFO - Starting Listener process...
2025-09-19 09:00:39 - sensor_service_main - INFO - Waiting for Reader to initialize and produce data...
2025-09-19 09:00:51 - sensor_service_main - INFO - Reader is producing data
2025-09-19 09:00:51 - sensor_service_main - INFO - Listener is accepting connections on port 5555
2025-09-19 09:00:51 - sensor_service_main - INFO - All services started successfully
2025-09-19 09:00:59 - sensor_service_main - INFO - Received signal 2, initiating graceful shutdown...
2025-09-19 09:00:59 - sensor_service_main - INFO - Received signal 2, initiating graceful shutdown...
2025-09-19 09:00:59 - sensor_service_main - INFO - Received signal 2, initiating graceful shutdown...
2025-09-19 09:02:01 - sensor_service_main - INFO - Starting Kent Core Sensor Service
2025-09-19 09:02:01 - sensor_service_main - INFO - Starting Reader process...
2025-09-19 09:02:03 - sensor_service_main - INFO - Starting Listener process...
2025-09-19 09:02:03 - sensor_service_main - INFO - Waiting for Reader to initialize and produce data...
2025-09-19 09:02:15 - sensor_service_main - INFO - Reader is producing data
2025-09-19 09:02:15 - sensor_service_main - INFO - Listener is accepting connections on port 5555
2025-09-19 09:02:15 - sensor_service_main - INFO - All services started successfully
2025-09-19 09:03:59 - sensor_service_main - INFO - Received signal 2, initiating graceful shutdown...
2025-09-19 09:03:59 - sensor_service_main - INFO - Received signal 2, initiating graceful shutdown...
2025-09-19 09:03:59 - sensor_service_main - INFO - Received signal 2, initiating graceful shutdown...
2025-09-19 09:04:03 - sensor_service_main - INFO - Starting Kent Core Sensor Service
2025-09-19 09:04:03 - sensor_service_main - INFO - Starting Reader process...
2025-09-19 09:04:05 - sensor_service_main - INFO - Starting Listener process...
2025-09-19 09:04:05 - sensor_service_main - INFO - Waiting for Reader to initialize and produce data...
2025-09-19 09:04:05 - sensor_service_main - INFO - Reader is producing data
2025-09-19 09:04:05 - sensor_service_main - INFO - Listener is accepting connections on port 5555
2025-09-19 09:04:05 - sensor_service_main - INFO - All services started successfully
2025-09-19 09:07:37 - sensor_service_main - INFO - Received signal 2, initiating graceful shutdown...
2025-09-19 09:07:37 - sensor_service_main - INFO - Received signal 2, initiating graceful shutdown...
2025-09-19 09:07:37 - sensor_service_main - INFO - Received signal 2, initiating graceful shutdown...
2025-09-19 09:07:37 - sensor_service_main - INFO - Received signal 2, initiating graceful shutdown...
2025-09-19 09:07:37 - sensor_service_main - INFO - Received signal 2, initiating graceful shutdown...
2025-09-19 09:07:37 - sensor_service_main - INFO - Received signal 2, initiating graceful shutdown...
